#
# A fatal error has been detected by the Java Runtime Environment:
#
#  EXCEPTION_ACCESS_VIOLATION (0xc0000005) at pc=0x000000006a6c2558, pid=4976, tid=0x0000000000001338
#
# JRE version: Java(TM) SE Runtime Environment (8.0_121-b13) (build 1.8.0_121-b13)
# Java VM: Java HotSpot(TM) 64-Bit Server VM (25.121-b13 mixed mode windows-amd64 compressed oops)
# Problematic frame:
# V  [jvm.dll+0x482558]
#
# Failed to write core dump. Minidumps are not enabled by default on client versions of Windows
#
# If you would like to submit a bug report, please visit:
#   http://bugreport.java.com/bugreport/crash.jsp
#

---------------  T H R E A D  ---------------

Current thread (0x0000000056598000):  JavaThread "C2 CompilerThread0" daemon [_thread_in_native, id=4920, stack(0x0000000057da0000,0x0000000057ea0000)]

siginfo: ExceptionCode=0xc0000005, reading address 0xffffffffffffffff

Registers:
RAX=0x000000005b657040, RBX=0x00000000000005f0, RCX=0x00000000c0b60240, RDX=0x00b800005c869620
RSP=0x0000000057e9b7a0, RBP=0x000000005c86c780, RSI=0x000000005f308090, RDI=0x0000000000000004
R8 =0x0000000000000009, R9 =0x0000000000020000, R10=0x0000000000000000, R11=0x0000000057e9b740
R12=0x000000005c86edf0, R13=0x000000000000000c, R14=0x000000005c86c780, R15=0x000000005c86edf0
RIP=0x000000006a6c2558, EFLAGS=0x0000000000010202

Top of Stack: (sp=0x0000000057e9b7a0)
0x0000000057e9b7a0:   00000000000005e8 000000000000010b
0x0000000057e9b7b0:   0000000000001520 000000006a6c2a5f
0x0000000057e9b7c0:   000000005c86c780 0000000000000000
0x0000000057e9b7d0:   0000000000001160 000000006a6c2a06
0x0000000057e9b7e0:   0000000000000003 000000005f308090
0x0000000057e9b7f0:   000000005db3ab10 0000000000000000
0x0000000057e9b800:   000000000000006b 0000000000000008
0x0000000057e9b810:   0000000000000387 0000000000000000
0x0000000057e9b820:   000000005c86c780 000000005e34e590
0x0000000057e9b830:   0000000000000810 000000006a6c5161
0x0000000057e9b840:   000000005c86edf0 0000000000000040
0x0000000057e9b850:   0000000000000003 000000006a485997
0x0000000057e9b860:   0000000000000000 0000000000000002
0x0000000057e9b870:   000000000000006b 000000005c86edf0
0x0000000057e9b880:   000000000000006b 0000000000000000
0x0000000057e9b890:   0000000000000141 000000006a6c7b9b 

Instructions: (pc=0x000000006a6c2558)
0x000000006a6c2538:   59 4c 3b 41 68 74 53 4c 3b 41 70 74 4d 41 8b 00
0x000000006a6c2548:   85 c0 7e 46 33 db 8b f8 48 8b 46 18 48 8b 14 03
0x000000006a6c2558:   80 7a 40 04 74 2b 48 3b d5 74 26 80 7a 7c 00 74
0x000000006a6c2568:   20 8b 42 78 41 3b c5 74 10 49 81 fd ff 6b ca 88 


Register to memory mapping:

RAX=0x000000005b657040 is an unknown value
RBX=0x00000000000005f0 is an unknown value
RCX=0x00000000c0b60240 is an unallocated location in the heap
RDX=0x00b800005c869620 is an unknown value
RSP=0x0000000057e9b7a0 is pointing into the stack for thread: 0x0000000056598000
RBP=0x000000005c86c780 is an unknown value
RSI=0x000000005f308090 is an unknown value
RDI=0x0000000000000004 is an unknown value
R8 =0x0000000000000009 is an unknown value
R9 =0x0000000000020000 is an unknown value
R10=0x0000000000000000 is an unknown value
R11=0x0000000057e9b740 is pointing into the stack for thread: 0x0000000056598000
R12=0x000000005c86edf0 is an unknown value
R13=0x000000000000000c is an unknown value
R14=0x000000005c86c780 is an unknown value
R15=0x000000005c86edf0 is an unknown value


Stack: [0x0000000057da0000,0x0000000057ea0000],  sp=0x0000000057e9b7a0,  free space=1005k
Native frames: (J=compiled Java code, j=interpreted, Vv=VM code, C=native code)
V  [jvm.dll+0x482558]
V  [jvm.dll+0x482a06]
V  [jvm.dll+0x485161]
V  [jvm.dll+0x487b9b]
V  [jvm.dll+0x48858e]
V  [jvm.dll+0x4889e3]
V  [jvm.dll+0x475156]
V  [jvm.dll+0x4767d3]
V  [jvm.dll+0x4591e2]
V  [jvm.dll+0xa5ca2]
V  [jvm.dll+0xa65df]
V  [jvm.dll+0x244e1f]
V  [jvm.dll+0x29c69a]
C  [msvcr100.dll+0x21d9f]
C  [msvcr100.dll+0x21e3b]
C  [kernel32.dll+0x1652d]
C  [ntdll.dll+0x2c521]


Current CompileTask:
C2:  35800 5712   !   4       java.beans.PropertyDescriptor::findPropertyType (188 bytes)


---------------  P R O C E S S  ---------------

Java Threads: ( => current thread )
  0x00000000595ba000 JavaThread "File lock request listener" [_thread_in_native, id=4660, stack(0x000000005b3f0000,0x000000005b4f0000)]
  0x0000000059901800 JavaThread "Stdin handler" [_thread_blocked, id=1676, stack(0x000000005aef0000,0x000000005aff0000)]
  0x00000000598fd000 JavaThread "Asynchronous log dispatcher for org.gradle.launcher.daemon.server.DefaultDaemonConnection@42270f07" [_thread_blocked, id=4344, stack(0x000000005acb0000,0x000000005adb0000)]
  0x00000000598f0000 JavaThread "Daemon worker" [_thread_in_vm, id=4524, stack(0x000000005a940000,0x000000005aa40000)]
  0x0000000059907000 JavaThread "Cancel handler" [_thread_blocked, id=4028, stack(0x000000005a6e0000,0x000000005a7e0000)]
  0x0000000057ff3000 JavaThread "Handler for socket connection from /127.0.0.1:49195 to /127.0.0.1:49196" [_thread_in_native, id=2224, stack(0x000000005a810000,0x000000005a910000)]
  0x0000000057ff2000 JavaThread "Daemon" [_thread_blocked, id=4240, stack(0x000000005a570000,0x000000005a670000)]
  0x0000000057f43000 JavaThread "Incoming local TCP Connector on port 49195" [_thread_in_native, id=1500, stack(0x0000000058e70000,0x0000000058f70000)]
  0x000000005970b000 JavaThread "pool-1-thread-1" [_thread_blocked, id=2844, stack(0x000000005a270000,0x000000005a370000)]
  0x0000000057f1a000 JavaThread "Service Thread" daemon [_thread_blocked, id=4892, stack(0x0000000058550000,0x0000000058650000)]
  0x000000005659b800 JavaThread "C1 CompilerThread2" daemon [_thread_blocked, id=1380, stack(0x0000000057be0000,0x0000000057ce0000)]
  0x0000000057eb0800 JavaThread "C2 CompilerThread1" daemon [_thread_in_native, id=5004, stack(0x0000000058350000,0x0000000058450000)]
=>0x0000000056598000 JavaThread "C2 CompilerThread0" daemon [_thread_in_native, id=4920, stack(0x0000000057da0000,0x0000000057ea0000)]
  0x0000000056594000 JavaThread "Attach Listener" daemon [_thread_blocked, id=4912, stack(0x0000000057850000,0x0000000057950000)]
  0x0000000056592800 JavaThread "Signal Dispatcher" daemon [_thread_blocked, id=3412, stack(0x0000000057ae0000,0x0000000057be0000)]
  0x0000000056579000 JavaThread "Finalizer" daemon [_thread_blocked, id=4584, stack(0x0000000057990000,0x0000000057a90000)]
  0x0000000056532000 JavaThread "Reference Handler" daemon [_thread_blocked, id=4008, stack(0x00000000576d0000,0x00000000577d0000)]
  0x000000000223d800 JavaThread "main" [_thread_blocked, id=1132, stack(0x0000000002630000,0x0000000002730000)]

Other Threads:
  0x000000005652a000 VMThread [stack: 0x0000000057590000,0x0000000057690000] [id=212]
  0x0000000057f4f000 WatcherThread [stack: 0x0000000058450000,0x0000000058550000] [id=3096]

VM state:not at safepoint (normal execution)

VM Mutex/Monitor currently owned by a thread: None

Heap:
 PSYoungGen      total 254976K, used 17146K [0x00000000e0000000, 0x00000000f7780000, 0x0000000100000000)
  eden space 242688K, 2% used [0x00000000e0000000,0x00000000e04c62d8,0x00000000eed00000)
  from space 12288K, 99% used [0x00000000eed00000,0x00000000ef8f88d0,0x00000000ef900000)
  to   space 18944K, 0% used [0x00000000f6500000,0x00000000f6500000,0x00000000f7780000)
 ParOldGen       total 43520K, used 27651K [0x00000000a0000000, 0x00000000a2a80000, 0x00000000e0000000)
  object space 43520K, 63% used [0x00000000a0000000,0x00000000a1b00fc8,0x00000000a2a80000)
 Metaspace       used 49125K, capacity 50564K, committed 50688K, reserved 1093632K
  class space    used 6792K, capacity 7098K, committed 7168K, reserved 1048576K

Card table byte_map: [0x0000000011dc0000,0x00000000120d0000] byte_map_base: 0x00000000118c0000

Marking Bits: (ParMarkBitMap*) 0x000000006aa5b6d0
 Begin Bits: [0x00000000128a0000, 0x00000000140a0000)
 End Bits:   [0x00000000140a0000, 0x00000000158a0000)

Polling page: 0x0000000000230000

CodeCache: size=245760Kb used=18773Kb max_used=19214Kb free=226986Kb
 bounds [0x0000000002a00000, 0x0000000003ce0000, 0x0000000011a00000]
 total_blobs=5868 nmethods=5160 adapters=619
 compilation: enabled

Compilation events (10 events):
Event: 35.742 Thread 0x000000005659b800 nmethod 5747 0x0000000002e9fd50 code [0x0000000002ea0060, 0x0000000002ea1c08]
Event: 35.743 Thread 0x000000005659b800 5748       3       java.util.SubList::checkForComodification (23 bytes)
Event: 35.743 Thread 0x000000005659b800 nmethod 5748 0x0000000002bf7010 code [0x0000000002bf7180, 0x0000000002bf73e8]
Event: 35.744 Thread 0x000000005659b800 5751       3       com.google.common.cache.LocalCache$WeakEntry::getKey (5 bytes)
Event: 35.744 Thread 0x000000005659b800 nmethod 5751 0x0000000002b44910 code [0x0000000002b44a60, 0x0000000002b44c50]
Event: 35.744 Thread 0x000000005659b800 5749       3       org.gradle.model.internal.registry.DefaultModelRegistry$ModelNodeGoal::<init> (16 bytes)
Event: 35.745 Thread 0x000000005659b800 nmethod 5749 0x0000000002c36fd0 code [0x0000000002c37140, 0x0000000002c373f0]
Event: 35.745 Thread 0x000000005659b800 5750       3       org.gradle.model.internal.registry.DefaultModelRegistry$ModelNodeGoal::isAchieved (38 bytes)
Event: 35.746 Thread 0x000000005659b800 nmethod 5750 0x0000000002e715d0 code [0x0000000002e71760, 0x0000000002e71c78]
Event: 35.747 Thread 0x000000005659b800 5753       3       org.gradle.api.internal.AbstractClassGenerator::inspectType (422 bytes)

GC Heap History (10 events):
Event: 20.462 GC heap before
{Heap before GC invocations=7 (full 1):
 PSYoungGen      total 68096K, used 65536K [0x00000000e0000000, 0x00000000e9200000, 0x0000000100000000)
  eden space 65536K, 100% used [0x00000000e0000000,0x00000000e4000000,0x00000000e4000000)
  from space 2560K, 0% used [0x00000000e4000000,0x00000000e4000000,0x00000000e4280000)
  to   space 9216K, 0% used [0x00000000e8900000,0x00000000e8900000,0x00000000e9200000)
 ParOldGen       total 33792K, used 9848K [0x00000000a0000000, 0x00000000a2100000, 0x00000000e0000000)
  object space 33792K, 29% used [0x00000000a0000000,0x00000000a099e038,0x00000000a2100000)
 Metaspace       used 25942K, capacity 26494K, committed 26624K, reserved 1073152K
  class space    used 3660K, capacity 3811K, committed 3840K, reserved 1048576K
Event: 20.472 GC heap after
Heap after GC invocations=7 (full 1):
 PSYoungGen      total 134656K, used 7670K [0x00000000e0000000, 0x00000000e9080000, 0x0000000100000000)
  eden space 126976K, 0% used [0x00000000e0000000,0x00000000e0000000,0x00000000e7c00000)
  from space 7680K, 99% used [0x00000000e8900000,0x00000000e907db78,0x00000000e9080000)
  to   space 10240K, 0% used [0x00000000e7c80000,0x00000000e7c80000,0x00000000e8680000)
 ParOldGen       total 33792K, used 9848K [0x00000000a0000000, 0x00000000a2100000, 0x00000000e0000000)
  object space 33792K, 29% used [0x00000000a0000000,0x00000000a099e038,0x00000000a2100000)
 Metaspace       used 25942K, capacity 26494K, committed 26624K, reserved 1073152K
  class space    used 3660K, capacity 3811K, committed 3840K, reserved 1048576K
}
Event: 25.327 GC heap before
{Heap before GC invocations=8 (full 1):
 PSYoungGen      total 134656K, used 134646K [0x00000000e0000000, 0x00000000e9080000, 0x0000000100000000)
  eden space 126976K, 100% used [0x00000000e0000000,0x00000000e7c00000,0x00000000e7c00000)
  from space 7680K, 99% used [0x00000000e8900000,0x00000000e907db78,0x00000000e9080000)
  to   space 10240K, 0% used [0x00000000e7c80000,0x00000000e7c80000,0x00000000e8680000)
 ParOldGen       total 33792K, used 9848K [0x00000000a0000000, 0x00000000a2100000, 0x00000000e0000000)
  object space 33792K, 29% used [0x00000000a0000000,0x00000000a099e038,0x00000000a2100000)
 Metaspace       used 32398K, capacity 33092K, committed 33408K, reserved 1077248K
  class space    used 4505K, capacity 4689K, committed 4736K, reserved 1048576K
Event: 25.341 GC heap after
Heap after GC invocations=8 (full 1):
 PSYoungGen      total 137728K, used 10229K [0x00000000e0000000, 0x00000000f0600000, 0x0000000100000000)
  eden space 127488K, 0% used [0x00000000e0000000,0x00000000e0000000,0x00000000e7c80000)
  from space 10240K, 99% used [0x00000000e7c80000,0x00000000e867d680,0x00000000e8680000)
  to   space 12288K, 0% used [0x00000000efa00000,0x00000000efa00000,0x00000000f0600000)
 ParOldGen       total 33792K, used 10127K [0x00000000a0000000, 0x00000000a2100000, 0x00000000e0000000)
  object space 33792K, 29% used [0x00000000a0000000,0x00000000a09e3f40,0x00000000a2100000)
 Metaspace       used 32398K, capacity 33092K, committed 33408K, reserved 1077248K
  class space    used 4505K, capacity 4689K, committed 4736K, reserved 1048576K
}
Event: 26.523 GC heap before
{Heap before GC invocations=9 (full 1):
 PSYoungGen      total 137728K, used 58332K [0x00000000e0000000, 0x00000000f0600000, 0x0000000100000000)
  eden space 127488K, 37% used [0x00000000e0000000,0x00000000e2ef9a60,0x00000000e7c80000)
  from space 10240K, 99% used [0x00000000e7c80000,0x00000000e867d680,0x00000000e8680000)
  to   space 12288K, 0% used [0x00000000efa00000,0x00000000efa00000,0x00000000f0600000)
 ParOldGen       total 33792K, used 10127K [0x00000000a0000000, 0x00000000a2100000, 0x00000000e0000000)
  object space 33792K, 29% used [0x00000000a0000000,0x00000000a09e3f40,0x00000000a2100000)
 Metaspace       used 34579K, capacity 35340K, committed 35456K, reserved 1079296K
  class space    used 4773K, capacity 4987K, committed 4992K, reserved 1048576K
Event: 26.539 GC heap after
Heap after GC invocations=9 (full 1):
 PSYoungGen      total 253952K, used 8373K [0x00000000e0000000, 0x00000000f0500000, 0x0000000100000000)
  eden space 242688K, 0% used [0x00000000e0000000,0x00000000e0000000,0x00000000eed00000)
  from space 11264K, 74% used [0x00000000efa00000,0x00000000f022d670,0x00000000f0500000)
  to   space 12288K, 0% used [0x00000000eed00000,0x00000000eed00000,0x00000000ef900000)
 ParOldGen       total 33792K, used 10127K [0x00000000a0000000, 0x00000000a2100000, 0x00000000e0000000)
  object space 33792K, 29% used [0x00000000a0000000,0x00000000a09e3f40,0x00000000a2100000)
 Metaspace       used 34579K, capacity 35340K, committed 35456K, reserved 1079296K
  class space    used 4773K, capacity 4987K, committed 4992K, reserved 1048576K
}
Event: 26.539 GC heap before
{Heap before GC invocations=10 (full 2):
 PSYoungGen      total 253952K, used 8373K [0x00000000e0000000, 0x00000000f0500000, 0x0000000100000000)
  eden space 242688K, 0% used [0x00000000e0000000,0x00000000e0000000,0x00000000eed00000)
  from space 11264K, 74% used [0x00000000efa00000,0x00000000f022d670,0x00000000f0500000)
  to   space 12288K, 0% used [0x00000000eed00000,0x00000000eed00000,0x00000000ef900000)
 ParOldGen       total 33792K, used 10127K [0x00000000a0000000, 0x00000000a2100000, 0x00000000e0000000)
  object space 33792K, 29% used [0x00000000a0000000,0x00000000a09e3f40,0x00000000a2100000)
 Metaspace       used 34579K, capacity 35340K, committed 35456K, reserved 1079296K
  class space    used 4773K, capacity 4987K, committed 4992K, reserved 1048576K
Event: 26.688 GC heap after
Heap after GC invocations=10 (full 2):
 PSYoungGen      total 253952K, used 0K [0x00000000e0000000, 0x00000000f0500000, 0x0000000100000000)
  eden space 242688K, 0% used [0x00000000e0000000,0x00000000e0000000,0x00000000eed00000)
  from space 11264K, 0% used [0x00000000efa00000,0x00000000efa00000,0x00000000f0500000)
  to   space 12288K, 0% used [0x00000000eed00000,0x00000000eed00000,0x00000000ef900000)
 ParOldGen       total 43520K, used 15943K [0x00000000a0000000, 0x00000000a2a80000, 0x00000000e0000000)
  object space 43520K, 36% used [0x00000000a0000000,0x00000000a0f91f30,0x00000000a2a80000)
 Metaspace       used 34579K, capacity 35340K, committed 35456K, reserved 1079296K
  class space    used 4773K, capacity 4987K, committed 4992K, reserved 1048576K
}
Event: 35.676 GC heap before
{Heap before GC invocations=11 (full 2):
 PSYoungGen      total 253952K, used 242688K [0x00000000e0000000, 0x00000000f0500000, 0x0000000100000000)
  eden space 242688K, 100% used [0x00000000e0000000,0x00000000eed00000,0x00000000eed00000)
  from space 11264K, 0% used [0x00000000efa00000,0x00000000efa00000,0x00000000f0500000)
  to   space 12288K, 0% used [0x00000000eed00000,0x00000000eed00000,0x00000000ef900000)
 ParOldGen       total 43520K, used 15943K [0x00000000a0000000, 0x00000000a2a80000, 0x00000000e0000000)
  object space 43520K, 36% used [0x00000000a0000000,0x00000000a0f91f30,0x00000000a2a80000)
 Metaspace       used 49006K, capacity 50372K, committed 50560K, reserved 1093632K
  class space    used 6770K, capacity 7034K, committed 7040K, reserved 1048576K
Event: 35.715 GC heap after
Heap after GC invocations=11 (full 2):
 PSYoungGen      total 254976K, used 12258K [0x00000000e0000000, 0x00000000f7780000, 0x0000000100000000)
  eden space 242688K, 0% used [0x00000000e0000000,0x00000000e0000000,0x00000000eed00000)
  from space 12288K, 99% used [0x00000000eed00000,0x00000000ef8f88d0,0x00000000ef900000)
  to   space 18944K, 0% used [0x00000000f6500000,0x00000000f6500000,0x00000000f7780000)
 ParOldGen       total 43520K, used 27651K [0x00000000a0000000, 0x00000000a2a80000, 0x00000000e0000000)
  object space 43520K, 63% used [0x00000000a0000000,0x00000000a1b00fc8,0x00000000a2a80000)
 Metaspace       used 49006K, capacity 50372K, committed 50560K, reserved 1093632K
  class space    used 6770K, capacity 7034K, committed 7040K, reserved 1048576K
}

Deoptimization events (10 events):
Event: 34.816 Thread 0x00000000598f0000 Uncommon trap: reason=unstable_if action=reinterpret pc=0x0000000002bc1754 method=java.lang.String.replace(CC)Ljava/lang/String; @ 2
Event: 34.819 Thread 0x00000000598f0000 Uncommon trap: reason=unstable_if action=reinterpret pc=0x000000000312f60c method=groovy.lang.MetaClassImpl.checkIfStdMethod(Lgroovy/lang/MetaMethod;)V @ 79
Event: 34.819 Thread 0x00000000598f0000 Uncommon trap: reason=unstable_if action=reinterpret pc=0x0000000002bb6fd0 method=groovy.lang.MetaClassImpl.checkIfStdMethod(Lgroovy/lang/MetaMethod;)V @ 79
Event: 34.916 Thread 0x00000000598f0000 Uncommon trap: reason=predicate action=maybe_recompile pc=0x0000000002d5c870 method=org.gradle.internal.logging.text.AbstractLineChoppingStyledTextOutput.doAppend(Ljava/lang/String;)V @ 10
Event: 35.177 Thread 0x00000000598f0000 Uncommon trap: reason=class_check action=maybe_recompile pc=0x0000000003987cf8 method=sun.misc.URLClassPath$1.next()Z @ 46
Event: 35.188 Thread 0x00000000598f0000 Uncommon trap: reason=unstable_if action=reinterpret pc=0x0000000003197220 method=groovy.lang.MetaClassImpl.filterPropertyMethod(Ljava/lang/Object;ZZ)Ljava/lang/Object; @ 193
Event: 35.220 Thread 0x00000000598f0000 Uncommon trap: reason=unstable_if action=reinterpret pc=0x0000000003c60250 method=org.codehaus.groovy.runtime.metaclass.MetaMethodIndex.copyNonPrivateNonNewMetaMethods(Lorg/codehaus/groovy/runtime/metaclass/MetaMethodIndex$Entry;Lorg/codehaus/groovy/runti
Event: 35.266 Thread 0x00000000598f0000 Uncommon trap: reason=unstable_if action=reinterpret pc=0x0000000003c36a38 method=sun.reflect.generics.reflectiveObjects.ParameterizedTypeImpl.<init>(Ljava/lang/Class;[Ljava/lang/reflect/Type;Ljava/lang/reflect/Type;)V @ 16
Event: 35.266 Thread 0x00000000598f0000 Uncommon trap: reason=unstable_if action=reinterpret pc=0x0000000003c1e2d8 method=sun.reflect.generics.reflectiveObjects.ParameterizedTypeImpl.<init>(Ljava/lang/Class;[Ljava/lang/reflect/Type;Ljava/lang/reflect/Type;)V @ 16
Event: 35.387 Thread 0x00000000598f0000 Uncommon trap: reason=unstable_if action=reinterpret pc=0x0000000003c0bef4 method=org.codehaus.groovy.reflection.CachedMethod.compareToMethod(Ljava/lang/reflect/Method;)I @ 71

Internal exceptions (10 events):
Event: 35.590 Thread 0x00000000598f0000 Exception <a 'java/lang/ClassNotFoundException': org/gradle/plugins/ide/internal/configurer/ProjectDeduperBeanInfo> (0x00000000ee981230) thrown at [C:\re\workspace\8-2-build-windows-amd64-cygwin\jdk8u121\8372\hotspot\src\share\vm\classfile\systemDictionar
Event: 35.591 Thread 0x00000000598f0000 Exception <a 'java/lang/ClassNotFoundException': org/gradle/plugins/ide/internal/configurer/ProjectDeduperCustomizer> (0x00000000ee9a1820) thrown at [C:\re\workspace\8-2-build-windows-amd64-cygwin\jdk8u121\8372\hotspot\src\share\vm\classfile\systemDiction
Event: 35.620 Thread 0x00000000598f0000 Exception <a 'java/lang/ClassNotFoundException': org/gradle/plugins/ide/internal/configurer/DeduplicationTargetBeanInfo> (0x00000000eea4de68) thrown at [C:\re\workspace\8-2-build-windows-amd64-cygwin\jdk8u121\8372\hotspot\src\share\vm\classfile\systemDict
Event: 35.620 Thread 0x00000000598f0000 Exception <a 'java/lang/ClassNotFoundException': org/gradle/plugins/ide/internal/configurer/DeduplicationTargetCustomizer> (0x00000000eea6faa0) thrown at [C:\re\workspace\8-2-build-windows-amd64-cygwin\jdk8u121\8372\hotspot\src\share\vm\classfile\systemDi
Event: 35.731 Thread 0x00000000598f0000 Exception <a 'java/lang/ClassNotFoundException': org/gradle/platform/base/BinaryContainer_ImplBeanInfo> (0x00000000e00ea2f8) thrown at [C:\re\workspace\8-2-build-windows-amd64-cygwin\jdk8u121\8372\hotspot\src\share\vm\classfile\systemDictionary.cpp, line 
Event: 35.732 Thread 0x00000000598f0000 Exception <a 'java/lang/ClassNotFoundException': org/gradle/model/internal/core/NodeBackedModelMapBeanInfo> (0x00000000e00f9b28) thrown at [C:\re\workspace\8-2-build-windows-amd64-cygwin\jdk8u121\8372\hotspot\src\share\vm\classfile\systemDictionary.cpp, l
Event: 35.732 Thread 0x00000000598f0000 Exception <a 'java/lang/ClassNotFoundException': org/gradle/model/internal/core/ModelMapGroovyViewBeanInfo> (0x00000000e0109540) thrown at [C:\re\workspace\8-2-build-windows-amd64-cygwin\jdk8u121\8372\hotspot\src\share\vm\classfile\systemDictionary.cpp, l
Event: 35.732 Thread 0x00000000598f0000 Exception <a 'java/lang/ClassNotFoundException': org/gradle/model/internal/core/ModelMapGroovyViewCustomizer> (0x00000000e01198f0) thrown at [C:\re\workspace\8-2-build-windows-amd64-cygwin\jdk8u121\8372\hotspot\src\share\vm\classfile\systemDictionary.cpp,
Event: 35.734 Thread 0x00000000598f0000 Exception <a 'java/lang/ClassNotFoundException': org/gradle/model/internal/core/NodeBackedModelMapCustomizer> (0x00000000e013d170) thrown at [C:\re\workspace\8-2-build-windows-amd64-cygwin\jdk8u121\8372\hotspot\src\share\vm\classfile\systemDictionary.cpp,
Event: 35.737 Thread 0x00000000598f0000 Exception <a 'java/lang/ClassNotFoundException': org/gradle/platform/base/BinaryContainer_ImplCustomizer> (0x00000000e0199e08) thrown at [C:\re\workspace\8-2-build-windows-amd64-cygwin\jdk8u121\8372\hotspot\src\share\vm\classfile\systemDictionary.cpp, lin

Events (10 events):
Event: 35.746 Thread 0x000000005659b800 flushing nmethod 0x000000000356da50
Event: 35.746 Thread 0x000000005659b800 flushing nmethod 0x00000000035e0f10
Event: 35.746 Thread 0x000000005659b800 flushing nmethod 0x0000000003612c50
Event: 35.746 Thread 0x000000005659b800 flushing nmethod 0x00000000036134d0
Event: 35.746 Thread 0x000000005659b800 flushing nmethod 0x0000000003615750
Event: 35.746 Thread 0x000000005659b800 flushing nmethod 0x0000000003615f50
Event: 35.746 Thread 0x000000005659b800 flushing nmethod 0x0000000003619e90
Event: 35.747 Thread 0x000000005659b800 flushing nmethod 0x0000000003648a10
Event: 35.748 loading class org/gradle/api/tasks/diagnostics/internal/dependencies/AsciiDependencyReportRenderer
Event: 35.748 loading class org/gradle/api/tasks/diagnostics/internal/dependencies/AsciiDependencyReportRenderer done


Dynamic libraries:
0x000000013f5a0000 - 0x000000013f5d7000 	C:\Program Files\Java\jdk1.8.0_121\bin\java.exe
0x0000000077aa0000 - 0x0000000077c49000 	C:\Windows\SYSTEM32\ntdll.dll
0x0000000077980000 - 0x0000000077a9f000 	C:\Windows\system32\kernel32.dll
0x000007fefdcd0000 - 0x000007fefdd3b000 	C:\Windows\system32\KERNELBASE.dll
0x000007feff8f0000 - 0x000007feff9cb000 	C:\Windows\system32\ADVAPI32.dll
0x000007fefdf10000 - 0x000007fefdfaf000 	C:\Windows\system32\msvcrt.dll
0x000007fefe680000 - 0x000007fefe69f000 	C:\Windows\SYSTEM32\sechost.dll
0x000007fefe7a0000 - 0x000007fefe8cd000 	C:\Windows\system32\RPCRT4.dll
0x0000000077880000 - 0x000000007797a000 	C:\Windows\system32\USER32.dll
0x000007feff9d0000 - 0x000007feffa37000 	C:\Windows\system32\GDI32.dll
0x000007feffa40000 - 0x000007feffa4e000 	C:\Windows\system32\LPK.dll
0x000007fefdfb0000 - 0x000007fefe079000 	C:\Windows\system32\USP10.dll
0x000007fefc150000 - 0x000007fefc344000 	C:\Windows\WinSxS\amd64_microsoft.windows.common-controls_6595b64144ccf1df_6.0.7601.17514_none_fa396087175ac9ac\COMCTL32.dll
0x000007fefde90000 - 0x000007fefdf01000 	C:\Windows\system32\SHLWAPI.dll
0x000007fefde60000 - 0x000007fefde8e000 	C:\Windows\system32\IMM32.DLL
0x000007fefea50000 - 0x000007fefeb59000 	C:\Windows\system32\MSCTF.dll
0x0000000071bb0000 - 0x0000000071c82000 	C:\Program Files\Java\jdk1.8.0_121\jre\bin\msvcr100.dll
0x000000006a240000 - 0x000000006aadb000 	C:\Program Files\Java\jdk1.8.0_121\jre\bin\server\jvm.dll
0x000007feecba0000 - 0x000007feecba9000 	C:\Windows\system32\WSOCK32.dll
0x000007fefe3c0000 - 0x000007fefe40d000 	C:\Windows\system32\WS2_32.dll
0x000007fefe670000 - 0x000007fefe678000 	C:\Windows\system32\NSI.dll
0x000007fefc600000 - 0x000007fefc63b000 	C:\Windows\system32\WINMM.dll
0x000007fefcbb0000 - 0x000007fefcbbc000 	C:\Windows\system32\VERSION.dll
0x0000000077c70000 - 0x0000000077c77000 	C:\Windows\system32\PSAPI.DLL
0x0000000074240000 - 0x000000007424f000 	C:\Program Files\Java\jdk1.8.0_121\jre\bin\verify.dll
0x0000000071d40000 - 0x0000000071d69000 	C:\Program Files\Java\jdk1.8.0_121\jre\bin\java.dll
0x00000000734b0000 - 0x00000000734c6000 	C:\Program Files\Java\jdk1.8.0_121\jre\bin\zip.dll
0x000007fefeb60000 - 0x000007feff8e8000 	C:\Windows\system32\SHELL32.dll
0x000007fefe1b0000 - 0x000007fefe3b3000 	C:\Windows\system32\ole32.dll
0x000007fefd9f0000 - 0x000007fefd9ff000 	C:\Windows\system32\profapi.dll
0x0000000071d20000 - 0x0000000071d3a000 	C:\Program Files\Java\jdk1.8.0_121\jre\bin\net.dll
0x000007fefd220000 - 0x000007fefd275000 	C:\Windows\system32\mswsock.dll
0x000007fefd210000 - 0x000007fefd217000 	C:\Windows\System32\wship6.dll
0x0000000071d00000 - 0x0000000071d11000 	C:\Program Files\Java\jdk1.8.0_121\jre\bin\nio.dll
0x000007fee4230000 - 0x000007fee4242000 	C:\Users\welcome\.gradle\native\19\windows-amd64\native-platform.dll
0x000007fefd280000 - 0x000007fefd297000 	C:\Windows\system32\CRYPTSP.dll
0x000007fefcf80000 - 0x000007fefcfc7000 	C:\Windows\system32\rsaenh.dll
0x000007fefce00000 - 0x000007fefce1e000 	C:\Windows\system32\USERENV.dll
0x000007fefd920000 - 0x000007fefd92f000 	C:\Windows\system32\CRYPTBASE.dll
0x000007fefcb80000 - 0x000007fefcba7000 	C:\Windows\system32\IPHLPAPI.DLL
0x000007fefcb70000 - 0x000007fefcb7b000 	C:\Windows\system32\WINNSI.DLL
0x000007fefca90000 - 0x000007fefcaa8000 	C:\Windows\system32\dhcpcsvc.DLL
0x000007fefafd0000 - 0x000007fefafe1000 	C:\Windows\system32\dhcpcsvc6.DLL
0x0000000074250000 - 0x000000007425d000 	C:\Program Files\Java\jdk1.8.0_121\jre\bin\management.dll
0x000007fefd8c0000 - 0x000007fefd917000 	C:\Windows\system32\apphelp.dll
0x000007fef9930000 - 0x000007fef9a55000 	C:\Windows\system32\dbghelp.dll

VM Arguments:
jvm_args: -Xmx1536m -Dfile.encoding=windows-1252 -Duser.country=US -Duser.language=en -Duser.variant 
java_command: org.gradle.launcher.daemon.bootstrap.GradleDaemon 2.14.1
java_class_path (initial): C:\Program Files\Android\Android Studio\gradle\gradle-2.14.1\lib\gradle-launcher-2.14.1.jar
Launcher Type: SUN_STANDARD

Environment Variables:
PATH=C:\ProgramData\Oracle\Java\javapath;C:\Windows\system32;C:\Windows;C:\Windows\System32\Wbem;C:\Windows\System32\WindowsPowerShell\v1.0\;C:\Program Files\Git\cmd;C:\Program Files\Java\jdk1.8.0_121\bin
USERNAME=welcome
OS=Windows_NT
PROCESSOR_IDENTIFIER=Intel64 Family 6 Model 58 Stepping 9, GenuineIntel



---------------  S Y S T E M  ---------------

OS: Windows 7 , 64 bit Build 7601 (6.1.7601.17514)

CPU:total 4 (2 cores per cpu, 2 threads per core) family 6 model 58 stepping 9, cmov, cx8, fxsr, mmx, sse, sse2, sse3, ssse3, sse4.1, sse4.2, popcnt, avx, clmul, erms, ht, tsc, tscinvbit, tscinv

Memory: 4k page, physical 4083996k(1531232k free), swap 8166148k(5184456k free)

vm_info: Java HotSpot(TM) 64-Bit Server VM (25.121-b13) for windows-amd64 JRE (1.8.0_121-b13), built on Dec 12 2016 18:21:36 by "java_re" with MS VC++ 10.0 (VS2010)

time: Wed Mar 08 23:36:37 2017
elapsed time: 35 seconds (0d 0h 0m 35s)

